<?xml version="1.0" encoding="UTF-8"?>
<!-- Generated by org.testng.reporters.JUnitXMLReporter -->
<testsuite hostname="SKANDWAL-LAP" ignored="0" name="Default test" tests="3" failures="0" timestamp="26 Aug 2019 07:43:58 GMT" time="49.242" errors="0">
  <testcase name="loginNsendMail" time="6.915" classname="com.qa.test.GmailHomeTest"/>
  <testcase name="loginNsendMail" time="3.92" classname="com.qa.test.GmailHomeTest"/>
  <testcase name="verifyTitleOfGmailLoginPage" time="0.006" classname="com.qa.test.GmailHomeTest"/>
</testsuite> <!-- Default test -->
