<?xml version="1.0" encoding="UTF-8"?>
<!-- Generated by org.testng.reporters.JUnitXMLReporter -->
<testsuite hostname="SKANDWAL-LAP" ignored="0" name="Test" tests="3" failures="1" timestamp="01 Sep 2019 06:16:36 GMT" time="0.066" errors="0">
  <testcase name="verify" time="0.014" classname="com.qa.test.avc">
    <failure type="java.lang.AssertionError" message="expected [true] but found [false]">
      <![CDATA[java.lang.AssertionError: expected [true] but found [false]
at com.qa.test.avc.verify(avc.java:13)
... Removed 29 stack frames]]>
    </failure>
  </testcase> <!-- verify -->
  <testcase name="print" time="0.001" classname="com.qa.test.avc">
    <skipped/>
  </testcase> <!-- print -->
  <testcase name="getData" time="0.002" classname="com.qa.test.avc"/>
</testsuite> <!-- Test -->
