<?xml version="1.0" encoding="UTF-8"?>
<!-- Generated by org.testng.reporters.JUnitXMLReporter -->
<testsuite hostname="SKANDWAL-LAP" ignored="0" name="Test" tests="4" failures="1" timestamp="25 Aug 2019 09:31:49 GMT" time="74.446" errors="0">
  <testcase name="loginToGmailTest" time="13.238" classname="com.qa.test.GmailLoginTest"/>
  <testcase name="verifyTitleOfLoginPage" time="0.019" classname="com.qa.test.GmailLoginTest"/>
  <testcase name="loginNsendMail" time="30.672" classname="com.qa.test.GmailHomeTest">
    <failure type="org.openqa.selenium.TimeoutException" message="Expected condition failed: waiting for visibility of [[FirefoxDriver: firefox on XP (c938390b-0240-4c3c-98d3-4696aea908a6)] -&amp;gt; xpath: //textarea[@aria-label=&amp;apos;To&amp;apos;]] (tried for 30 second(s) with 500 milliseconds interval)
Build info: version: &amp;apos;3.141.59&amp;apos;, revision: &amp;apos;e82be7d358&amp;apos;, time: &amp;apos;2018-11-14T08:17:03&amp;apos;
System info: host: &amp;apos;SKANDWAL-LAP&amp;apos;, ip: &amp;apos;192.168.31.16&amp;apos;, os.name: &amp;apos;Windows 7&amp;apos;, os.arch: &amp;apos;amd64&amp;apos;, os.version: &amp;apos;6.1&amp;apos;, java.version: &amp;apos;1.8.0_191&amp;apos;
Driver info: org.openqa.selenium.firefox.FirefoxDriver
Capabilities {acceptInsecureCerts: true, browserName: firefox, browserVersion: 60.8.0, javascriptEnabled: true, moz:accessibilityChecks: false, moz:geckodriverVersion: 0.23.0, moz:headless: false, moz:processID: 16276, moz:profile: C:\Users\skandwal\AppData\L..., moz:useNonSpecCompliantPointerOrigin: false, moz:webdriverClick: true, pageLoadStrategy: normal, platform: XP, platformName: XP, platformVersion: 6.1, rotatable: false, timeouts: {implicit: 0, pageLoad: 300000, script: 30000}}
Session ID: 1a74954b-8513-46de-8dee-3b43b4d49bb0">
      <![CDATA[org.openqa.selenium.TimeoutException: Expected condition failed: waiting for visibility of [[FirefoxDriver: firefox on XP (c938390b-0240-4c3c-98d3-4696aea908a6)] -> xpath: //textarea[@aria-label='To']] (tried for 30 second(s) with 500 milliseconds interval)
Build info: version: '3.141.59', revision: 'e82be7d358', time: '2018-11-14T08:17:03'
System info: host: 'SKANDWAL-LAP', ip: '192.168.31.16', os.name: 'Windows 7', os.arch: 'amd64', os.version: '6.1', java.version: '1.8.0_191'
Driver info: org.openqa.selenium.firefox.FirefoxDriver
Capabilities {acceptInsecureCerts: true, browserName: firefox, browserVersion: 60.8.0, javascriptEnabled: true, moz:accessibilityChecks: false, moz:geckodriverVersion: 0.23.0, moz:headless: false, moz:processID: 16276, moz:profile: C:\Users\skandwal\AppData\L..., moz:useNonSpecCompliantPointerOrigin: false, moz:webdriverClick: true, pageLoadStrategy: normal, platform: XP, platformName: XP, platformVersion: 6.1, rotatable: false, timeouts: {implicit: 0, pageLoad: 300000, script: 30000}}
Session ID: 1a74954b-8513-46de-8dee-3b43b4d49bb0
at org.openqa.selenium.support.ui.WebDriverWait.timeoutException(WebDriverWait.java:95)
at org.openqa.selenium.support.ui.FluentWait.until(FluentWait.java:272)
at com.qa.base.GmailHomePage.composeMail(GmailHomePage.java:41)
at com.qa.test.GmailHomeTest.loginNsendMail(GmailHomeTest.java:28)
... Removed 25 stack frames]]>
    </failure>
  </testcase> <!-- loginNsendMail -->
  <testcase name="verifyTitleOfGmailLoginPage" time="0.0" classname="com.qa.test.GmailHomeTest">
    <skipped/>
  </testcase> <!-- verifyTitleOfGmailLoginPage -->
</testsuite> <!-- Test -->
