<?xml version="1.0" encoding="UTF-8"?>
<!-- Generated by org.testng.reporters.JUnitXMLReporter -->
<testsuite hostname="SKANDWAL-LAP" ignored="0" name="Test Logging" tests="3" failures="2" timestamp="01 Sep 2019 12:23:31 GMT" time="0.51" errors="0">
  <testcase name="verify" time="0.022" classname="com.qa.test.avc">
    <failure type="java.lang.AssertionError" message="expected [true] but found [false]">
      <![CDATA[java.lang.AssertionError: expected [true] but found [false]
at com.qa.test.avc.verify(avc.java:21)
... Removed 29 stack frames]]>
    </failure>
  </testcase> <!-- verify -->
  <testcase name="print" time="0.0" classname="com.qa.test.avc">
    <skipped/>
  </testcase> <!-- print -->
  <testcase name="getData" time="0.003" classname="com.qa.test.avc">
    <failure type="java.lang.AssertionError" message="Data does not match------------ expected [true] but found [false]">
      <![CDATA[java.lang.AssertionError: Data does not match------------ expected [true] but found [false]
at com.qa.test.avc.getData(avc.java:34)
... Removed 28 stack frames]]>
    </failure>
  </testcase> <!-- getData -->
</testsuite> <!-- Test Logging -->
