<?xml version="1.0" encoding="UTF-8"?>
<testng-results skipped="1" failed="1" ignored="0" total="4" passed="2">
  <reporter-output>
  </reporter-output>
  <suite name="Suite" duration-ms="62294" started-at="2019-08-25T07:47:55Z" finished-at="2019-08-25T07:48:57Z">
    <groups>
    </groups>
    <test name="Test" duration-ms="62294" started-at="2019-08-25T07:47:55Z" finished-at="2019-08-25T07:48:57Z">
      <class name="com.qa.test.GmailHomeTest">
        <test-method status="PASS" signature="setUp()[pri:0, instance:com.qa.test.GmailHomeTest@246ae04d]" name="setUp" is-config="true" duration-ms="21448" started-at="2019-08-25T07:47:55Z" finished-at="2019-08-25T07:48:16Z">
          <reporter-output>
          </reporter-output>
        </test-method> <!-- setUp -->
        <test-method status="PASS" signature="setUp()[pri:0, instance:com.qa.test.GmailLoginTest@2c6a3f77]" name="setUp" is-config="true" duration-ms="9581" started-at="2019-08-25T07:48:16Z" finished-at="2019-08-25T07:48:26Z">
          <reporter-output>
          </reporter-output>
        </test-method> <!-- setUp -->
        <test-method status="FAIL" signature="loginNsendMail()[pri:0, instance:com.qa.test.GmailHomeTest@246ae04d]" name="loginNsendMail" duration-ms="31186" started-at="2019-08-25T07:48:26Z" finished-at="2019-08-25T07:48:57Z">
          <exception class="org.openqa.selenium.TimeoutException">
            <message>
              <![CDATA[Expected condition failed: waiting for visibility of [[FirefoxDriver: firefox on XP (564c12fd-7950-42f0-a09f-548d1f788d78)] -> xpath: //textarea[@aria-label='To']] (tried for 30 second(s) with 500 milliseconds interval)
Build info: version: '3.141.59', revision: 'e82be7d358', time: '2018-11-14T08:17:03'
System info: host: 'SKANDWAL-LAP', ip: '192.168.31.16', os.name: 'Windows 7', os.arch: 'amd64', os.version: '6.1', java.version: '1.8.0_191'
Driver info: org.openqa.selenium.firefox.FirefoxDriver
Capabilities {acceptInsecureCerts: true, browserName: firefox, browserVersion: 60.8.0, javascriptEnabled: true, moz:accessibilityChecks: false, moz:geckodriverVersion: 0.23.0, moz:headless: false, moz:processID: 16020, moz:profile: C:\Users\skandwal\AppData\L..., moz:useNonSpecCompliantPointerOrigin: false, moz:webdriverClick: true, pageLoadStrategy: normal, platform: XP, platformName: XP, platformVersion: 6.1, rotatable: false, timeouts: {implicit: 0, pageLoad: 300000, script: 30000}}
Session ID: 766c670f-7a4c-4407-918e-5e60014d95a0]]>
            </message>
            <full-stacktrace>
              <![CDATA[org.openqa.selenium.TimeoutException: Expected condition failed: waiting for visibility of [[FirefoxDriver: firefox on XP (564c12fd-7950-42f0-a09f-548d1f788d78)] -> xpath: //textarea[@aria-label='To']] (tried for 30 second(s) with 500 milliseconds interval)
Build info: version: '3.141.59', revision: 'e82be7d358', time: '2018-11-14T08:17:03'
System info: host: 'SKANDWAL-LAP', ip: '192.168.31.16', os.name: 'Windows 7', os.arch: 'amd64', os.version: '6.1', java.version: '1.8.0_191'
Driver info: org.openqa.selenium.firefox.FirefoxDriver
Capabilities {acceptInsecureCerts: true, browserName: firefox, browserVersion: 60.8.0, javascriptEnabled: true, moz:accessibilityChecks: false, moz:geckodriverVersion: 0.23.0, moz:headless: false, moz:processID: 16020, moz:profile: C:\Users\skandwal\AppData\L..., moz:useNonSpecCompliantPointerOrigin: false, moz:webdriverClick: true, pageLoadStrategy: normal, platform: XP, platformName: XP, platformVersion: 6.1, rotatable: false, timeouts: {implicit: 0, pageLoad: 300000, script: 30000}}
Session ID: 766c670f-7a4c-4407-918e-5e60014d95a0
at org.openqa.selenium.support.ui.WebDriverWait.timeoutException(WebDriverWait.java:95)
at org.openqa.selenium.support.ui.FluentWait.until(FluentWait.java:272)
at com.qa.base.GmailHomePage.composeMail(GmailHomePage.java:41)
at com.qa.test.GmailHomeTest.loginNsendMail(GmailHomeTest.java:28)
at sun.reflect.NativeMethodAccessorImpl.invoke0(Native Method)
at sun.reflect.NativeMethodAccessorImpl.invoke(NativeMethodAccessorImpl.java:62)
at sun.reflect.DelegatingMethodAccessorImpl.invoke(DelegatingMethodAccessorImpl.java:43)
at java.lang.reflect.Method.invoke(Method.java:498)
at org.testng.internal.MethodInvocationHelper.invokeMethod(MethodInvocationHelper.java:124)
at org.testng.internal.Invoker.invokeMethod(Invoker.java:583)
at org.testng.internal.Invoker.invokeTestMethod(Invoker.java:719)
at org.testng.internal.Invoker.invokeTestMethods(Invoker.java:989)
at org.testng.internal.TestMethodWorker.invokeTestMethods(TestMethodWorker.java:125)
at org.testng.internal.TestMethodWorker.run(TestMethodWorker.java:109)
at java.util.concurrent.ThreadPoolExecutor.runWorker(ThreadPoolExecutor.java:1149)
at java.util.concurrent.ThreadPoolExecutor$Worker.run(ThreadPoolExecutor.java:624)
at java.lang.Thread.run(Thread.java:748)
]]>
            </full-stacktrace>
          </exception> <!-- org.openqa.selenium.TimeoutException -->
          <reporter-output>
          </reporter-output>
        </test-method> <!-- loginNsendMail -->
        <test-method status="SKIP" signature="verifyTitleOfGmailLoginPage()[pri:0, instance:com.qa.test.GmailHomeTest@246ae04d]" name="verifyTitleOfGmailLoginPage" duration-ms="0" started-at="2019-08-25T07:48:57Z" depends-on-methods="com.qa.test.GmailHomeTest.loginNsendMail" finished-at="2019-08-25T07:48:57Z">
          <exception class="java.lang.Throwable">
            <message>
              <![CDATA[Method GmailHomeTest.verifyTitleOfGmailLoginPage()[pri:0, instance:com.qa.test.GmailHomeTest@246ae04d] depends on not successfully finished methods]]>
            </message>
            <full-stacktrace>
              <![CDATA[java.lang.Throwable: Method GmailHomeTest.verifyTitleOfGmailLoginPage()[pri:0, instance:com.qa.test.GmailHomeTest@246ae04d] depends on not successfully finished methods
at org.testng.internal.Invoker.invokeTestMethods(Invoker.java:888)
at org.testng.internal.TestMethodWorker.invokeTestMethods(TestMethodWorker.java:125)
at org.testng.internal.TestMethodWorker.run(TestMethodWorker.java:109)
at java.util.concurrent.ThreadPoolExecutor.runWorker(ThreadPoolExecutor.java:1149)
at java.util.concurrent.ThreadPoolExecutor$Worker.run(ThreadPoolExecutor.java:624)
at java.lang.Thread.run(Thread.java:748)
]]>
            </full-stacktrace>
          </exception> <!-- java.lang.Throwable -->
          <reporter-output>
          </reporter-output>
        </test-method> <!-- verifyTitleOfGmailLoginPage -->
        <test-method status="PASS" signature="tearDown()[pri:0, instance:com.qa.test.GmailLoginTest@2c6a3f77]" name="tearDown" is-config="true" duration-ms="1" started-at="2019-08-25T07:48:57Z" finished-at="2019-08-25T07:48:57Z">
          <reporter-output>
          </reporter-output>
        </test-method> <!-- tearDown -->
        <test-method status="PASS" signature="tearDown()[pri:0, instance:com.qa.test.GmailHomeTest@246ae04d]" name="tearDown" is-config="true" duration-ms="0" started-at="2019-08-25T07:48:57Z" finished-at="2019-08-25T07:48:57Z">
          <reporter-output>
          </reporter-output>
        </test-method> <!-- tearDown -->
      </class> <!-- com.qa.test.GmailHomeTest -->
      <class name="com.qa.test.GmailLoginTest">
        <test-method status="PASS" signature="loginToGmailTest()[pri:0, instance:com.qa.test.GmailLoginTest@2c6a3f77]" name="loginToGmailTest" duration-ms="13913" started-at="2019-08-25T07:48:26Z" finished-at="2019-08-25T07:48:40Z">
          <reporter-output>
          </reporter-output>
        </test-method> <!-- loginToGmailTest -->
        <test-method status="PASS" signature="verifyTitleOfLoginPage()[pri:0, instance:com.qa.test.GmailLoginTest@2c6a3f77]" name="verifyTitleOfLoginPage" duration-ms="11" started-at="2019-08-25T07:48:40Z" depends-on-methods="com.qa.test.GmailLoginTest.loginToGmailTest" finished-at="2019-08-25T07:48:40Z">
          <reporter-output>
          </reporter-output>
        </test-method> <!-- verifyTitleOfLoginPage -->
      </class> <!-- com.qa.test.GmailLoginTest -->
    </test> <!-- Test -->
  </suite> <!-- Suite -->
</testng-results>
