<?xml version="1.0" encoding="UTF-8"?>
<testsuite xmlns:xsi="http://www.w3.org/2001/XMLSchema-instance" xsi:noNamespaceSchemaLocation="https://maven.apache.org/surefire/maven-surefire-plugin/xsd/surefire-test-report-3.0.xsd" version="3.0" name="TestSuite" time="63.126" tests="4" errors="0" skipped="1" failures="1">
  <properties>
[...]
</properties>
  <testcase name="loginToGmailTest" classname="com.qa.test.GmailLoginTest" time="13.88"/>
  <testcase name="verifyTitleOfLoginPage" classname="com.qa.test.GmailLoginTest" time="0.016"/>
  <testcase name="loginNsendMail" classname="com.qa.test.GmailHomeTest" time="17.275">
    <failure message="Expected condition failed: waiting for visibility of [[FirefoxDriver: firefox on XP (564c12fd-7950-42f0-a09f-548d1f788d78)] -&gt; xpath: //textarea[@aria-label=&apos;To&apos;]] (tried for 30 second(s) with 500 milliseconds interval)&#10;Build info: version: &apos;3.141.59&apos;, revision: &apos;e82be7d358&apos;, time: &apos;2018-11-14T08:17:03&apos;&#10;System info: host: &apos;SKANDWAL-LAP&apos;, ip: &apos;192.168.31.16&apos;, os.name: &apos;Windows 7&apos;, os.arch: &apos;amd64&apos;, os.version: &apos;6.1&apos;, java.version: &apos;1.8.0_191&apos;&#10;Driver info: org.openqa.selenium.firefox.FirefoxDriver&#10;Capabilities {acceptInsecureCerts: true, browserName: firefox, browserVersion: 60.8.0, javascriptEnabled: true, moz:accessibilityChecks: false, moz:geckodriverVersion: 0.23.0, moz:headless: false, moz:processID: 16020, moz:profile: C:\Users\skandwal\AppData\L..., moz:useNonSpecCompliantPointerOrigin: false, moz:webdriverClick: true, pageLoadStrategy: normal, platform: XP, platformName: XP, platformVersion: 6.1, rotatable: false, timeouts: {implicit: 0, pageLoad: 300000, script: 30000}}&#10;Session ID: 766c670f-7a4c-4407-918e-5e60014d95a0" type="org.openqa.selenium.TimeoutException">org.openqa.selenium.TimeoutException: 
Expected condition failed: waiting for visibility of [[FirefoxDriver: firefox on XP (564c12fd-7950-42f0-a09f-548d1f788d78)] -> xpath: //textarea[@aria-label='To']] (tried for 30 second(s) with 500 milliseconds interval)
Build info: version: '3.141.59', revision: 'e82be7d358', time: '2018-11-14T08:17:03'
System info: host: 'SKANDWAL-LAP', ip: '192.168.31.16', os.name: 'Windows 7', os.arch: 'amd64', os.version: '6.1', java.version: '1.8.0_191'
Driver info: org.openqa.selenium.firefox.FirefoxDriver
Capabilities {acceptInsecureCerts: true, browserName: firefox, browserVersion: 60.8.0, javascriptEnabled: true, moz:accessibilityChecks: false, moz:geckodriverVersion: 0.23.0, moz:headless: false, moz:processID: 16020, moz:profile: C:\Users\skandwal\AppData\L..., moz:useNonSpecCompliantPointerOrigin: false, moz:webdriverClick: true, pageLoadStrategy: normal, platform: XP, platformName: XP, platformVersion: 6.1, rotatable: false, timeouts: {implicit: 0, pageLoad: 300000, script: 30000}}
Session ID: 766c670f-7a4c-4407-918e-5e60014d95a0
	at com.qa.test.GmailHomeTest.loginNsendMail(GmailHomeTest.java:28)
</failure>
  </testcase>
  <testcase name="verifyTitleOfGmailLoginPage" classname="com.qa.test.GmailHomeTest" time="0">
    <skipped message="Method GmailHomeTest.verifyTitleOfGmailLoginPage()[pri:0, instance:com.qa.test.GmailHomeTest@246ae04d] depends on not successfully finished methods"/>
  </testcase>
</testsuite>