<?xml version="1.0" encoding="UTF-8"?>
<testng-results skipped="0" failed="0" ignored="0" total="3" passed="3">
  <reporter-output>
  </reporter-output>
  <suite name="Default suite" duration-ms="49242" started-at="2019-08-26T07:43:09Z" finished-at="2019-08-26T07:43:58Z">
    <groups>
    </groups>
    <test name="Default test" duration-ms="49242" started-at="2019-08-26T07:43:09Z" finished-at="2019-08-26T07:43:58Z">
      <class name="com.qa.test.GmailHomeTest">
        <test-method status="PASS" signature="setUp()[pri:0, instance:com.qa.test.GmailHomeTest@685cb137]" name="setUp" is-config="true" duration-ms="24801" started-at="2019-08-26T07:43:09Z" finished-at="2019-08-26T07:43:34Z">
          <reporter-output>
          </reporter-output>
        </test-method> <!-- setUp -->
        <test-method status="PASS" signature="loginNsendMail(java.lang.String, java.lang.String, java.lang.String)[pri:0, instance:com.qa.test.GmailHomeTest@685cb137]" name="loginNsendMail" duration-ms="6915" started-at="2019-08-26T07:43:35Z" data-provider="getAllData" finished-at="2019-08-26T07:43:42Z">
          <params>
            <param index="0">
              <value>
                <![CDATA[swati.kandwal@gmail.com]]>
              </value>
            </param>
            <param index="1">
              <value>
                <![CDATA[Email to swat]]>
              </value>
            </param>
            <param index="2">
              <value>
                <![CDATA[Body1]]>
              </value>
            </param>
          </params>
          <reporter-output>
          </reporter-output>
        </test-method> <!-- loginNsendMail -->
        <test-method status="PASS" signature="loginNsendMail(java.lang.String, java.lang.String, java.lang.String)[pri:0, instance:com.qa.test.GmailHomeTest@685cb137]" name="loginNsendMail" duration-ms="3920" started-at="2019-08-26T07:43:42Z" data-provider="getAllData" finished-at="2019-08-26T07:43:45Z">
          <params>
            <param index="0">
              <value>
                <![CDATA[swati.kandwal1@gmail.com]]>
              </value>
            </param>
            <param index="1">
              <value>
                <![CDATA[Email to swati1]]>
              </value>
            </param>
            <param index="2">
              <value>
                <![CDATA[Body2]]>
              </value>
            </param>
          </params>
          <reporter-output>
          </reporter-output>
        </test-method> <!-- loginNsendMail -->
        <test-method status="PASS" signature="verifyTitleOfGmailLoginPage()[pri:0, instance:com.qa.test.GmailHomeTest@685cb137]" name="verifyTitleOfGmailLoginPage" duration-ms="6" started-at="2019-08-26T07:43:45Z" depends-on-methods="com.qa.test.GmailHomeTest.loginNsendMail" finished-at="2019-08-26T07:43:46Z">
          <reporter-output>
          </reporter-output>
        </test-method> <!-- verifyTitleOfGmailLoginPage -->
        <test-method status="PASS" signature="tearDown()[pri:0, instance:com.qa.test.GmailHomeTest@685cb137]" name="tearDown" is-config="true" duration-ms="12583" started-at="2019-08-26T07:43:46Z" finished-at="2019-08-26T07:43:58Z">
          <reporter-output>
          </reporter-output>
        </test-method> <!-- tearDown -->
      </class> <!-- com.qa.test.GmailHomeTest -->
    </test> <!-- Default test -->
  </suite> <!-- Default suite -->
</testng-results>
